Determining if the pthread_create exist failed with the following output:
Change Dir: /home/liuly/slambook/ch5/joinMap/build/CMakeFiles/CMakeTmp

Run Build Command(s):/usr/bin/make cmTC_83b08/fast 
/usr/bin/make -f CMakeFiles/cmTC_83b08.dir/build.make CMakeFiles/cmTC_83b08.dir/build
make[1]: Entering directory '/home/liuly/slambook/ch5/joinMap/build/CMakeFiles/CMakeTmp'
Building C object CMakeFiles/cmTC_83b08.dir/CheckSymbolExists.c.o
/usr/bin/cc    -o CMakeFiles/cmTC_83b08.dir/CheckSymbolExists.c.o   -c /home/liuly/slambook/ch5/joinMap/build/CMakeFiles/CMakeTmp/CheckSymbolExists.c
Linking C executable cmTC_83b08
/usr/local/bin/cmake -E cmake_link_script CMakeFiles/cmTC_83b08.dir/link.txt --verbose=1
/usr/bin/cc      -rdynamic CMakeFiles/cmTC_83b08.dir/CheckSymbolExists.c.o  -o cmTC_83b08 
CMakeFiles/cmTC_83b08.dir/CheckSymbolExists.c.o：在函数‘main’中：
CheckSymbolExists.c:(.text+0x16)：对‘pthread_create’未定义的引用
collect2: error: ld returned 1 exit status
CMakeFiles/cmTC_83b08.dir/build.make:86: recipe for target 'cmTC_83b08' failed
make[1]: *** [cmTC_83b08] Error 1
make[1]: Leaving directory '/home/liuly/slambook/ch5/joinMap/build/CMakeFiles/CMakeTmp'
Makefile:121: recipe for target 'cmTC_83b08/fast' failed
make: *** [cmTC_83b08/fast] Error 2

File /home/liuly/slambook/ch5/joinMap/build/CMakeFiles/CMakeTmp/CheckSymbolExists.c:
/* */
#include <pthread.h>

int main(int argc, char** argv)
{
  (void)argv;
#ifndef pthread_create
  return ((int*)(&pthread_create))[argc];
#else
  (void)argc;
  return 0;
#endif
}

Determining if the function pthread_create exists in the pthreads failed with the following output:
Change Dir: /home/liuly/slambook/ch5/joinMap/build/CMakeFiles/CMakeTmp

Run Build Command(s):/usr/bin/make cmTC_0938d/fast 
/usr/bin/make -f CMakeFiles/cmTC_0938d.dir/build.make CMakeFiles/cmTC_0938d.dir/build
make[1]: Entering directory '/home/liuly/slambook/ch5/joinMap/build/CMakeFiles/CMakeTmp'
Building C object CMakeFiles/cmTC_0938d.dir/CheckFunctionExists.c.o
/usr/bin/cc   -DCHECK_FUNCTION_EXISTS=pthread_create   -o CMakeFiles/cmTC_0938d.dir/CheckFunctionExists.c.o   -c /usr/local/share/cmake-3.14/Modules/CheckFunctionExists.c
Linking C executable cmTC_0938d
/usr/local/bin/cmake -E cmake_link_script CMakeFiles/cmTC_0938d.dir/link.txt --verbose=1
/usr/bin/cc  -DCHECK_FUNCTION_EXISTS=pthread_create    -rdynamic CMakeFiles/cmTC_0938d.dir/CheckFunctionExists.c.o  -o cmTC_0938d -lpthreads 
/usr/bin/ld: 找不到 -lpthreads
collect2: error: ld returned 1 exit status
CMakeFiles/cmTC_0938d.dir/build.make:86: recipe for target 'cmTC_0938d' failed
make[1]: *** [cmTC_0938d] Error 1
make[1]: Leaving directory '/home/liuly/slambook/ch5/joinMap/build/CMakeFiles/CMakeTmp'
Makefile:121: recipe for target 'cmTC_0938d/fast' failed
make: *** [cmTC_0938d/fast] Error 2


