Determining if the pthread_create exist failed with the following output:
Change Dir: /home/liuly/slambook/ch13/dense_RGBD/build/CMakeFiles/CMakeTmp

Run Build Command(s):/usr/bin/make cmTC_de471/fast 
/usr/bin/make -f CMakeFiles/cmTC_de471.dir/build.make CMakeFiles/cmTC_de471.dir/build
make[1]: Entering directory '/home/liuly/slambook/ch13/dense_RGBD/build/CMakeFiles/CMakeTmp'
Building C object CMakeFiles/cmTC_de471.dir/CheckSymbolExists.c.o
/usr/bin/cc    -o CMakeFiles/cmTC_de471.dir/CheckSymbolExists.c.o   -c /home/liuly/slambook/ch13/dense_RGBD/build/CMakeFiles/CMakeTmp/CheckSymbolExists.c
Linking C executable cmTC_de471
/usr/local/bin/cmake -E cmake_link_script CMakeFiles/cmTC_de471.dir/link.txt --verbose=1
/usr/bin/cc      -rdynamic CMakeFiles/cmTC_de471.dir/CheckSymbolExists.c.o  -o cmTC_de471 
CMakeFiles/cmTC_de471.dir/CheckSymbolExists.c.o：在函数‘main’中：
CheckSymbolExists.c:(.text+0x16)：对‘pthread_create’未定义的引用
collect2: error: ld returned 1 exit status
CMakeFiles/cmTC_de471.dir/build.make:86: recipe for target 'cmTC_de471' failed
make[1]: *** [cmTC_de471] Error 1
make[1]: Leaving directory '/home/liuly/slambook/ch13/dense_RGBD/build/CMakeFiles/CMakeTmp'
Makefile:121: recipe for target 'cmTC_de471/fast' failed
make: *** [cmTC_de471/fast] Error 2

File /home/liuly/slambook/ch13/dense_RGBD/build/CMakeFiles/CMakeTmp/CheckSymbolExists.c:
/* */
#include <pthread.h>

int main(int argc, char** argv)
{
  (void)argv;
#ifndef pthread_create
  return ((int*)(&pthread_create))[argc];
#else
  (void)argc;
  return 0;
#endif
}

Determining if the function pthread_create exists in the pthreads failed with the following output:
Change Dir: /home/liuly/slambook/ch13/dense_RGBD/build/CMakeFiles/CMakeTmp

Run Build Command(s):/usr/bin/make cmTC_01b27/fast 
/usr/bin/make -f CMakeFiles/cmTC_01b27.dir/build.make CMakeFiles/cmTC_01b27.dir/build
make[1]: Entering directory '/home/liuly/slambook/ch13/dense_RGBD/build/CMakeFiles/CMakeTmp'
Building C object CMakeFiles/cmTC_01b27.dir/CheckFunctionExists.c.o
/usr/bin/cc   -DCHECK_FUNCTION_EXISTS=pthread_create   -o CMakeFiles/cmTC_01b27.dir/CheckFunctionExists.c.o   -c /usr/local/share/cmake-3.14/Modules/CheckFunctionExists.c
Linking C executable cmTC_01b27
/usr/local/bin/cmake -E cmake_link_script CMakeFiles/cmTC_01b27.dir/link.txt --verbose=1
/usr/bin/cc  -DCHECK_FUNCTION_EXISTS=pthread_create    -rdynamic CMakeFiles/cmTC_01b27.dir/CheckFunctionExists.c.o  -o cmTC_01b27 -lpthreads 
/usr/bin/ld: 找不到 -lpthreads
collect2: error: ld returned 1 exit status
CMakeFiles/cmTC_01b27.dir/build.make:86: recipe for target 'cmTC_01b27' failed
make[1]: *** [cmTC_01b27] Error 1
make[1]: Leaving directory '/home/liuly/slambook/ch13/dense_RGBD/build/CMakeFiles/CMakeTmp'
Makefile:121: recipe for target 'cmTC_01b27/fast' failed
make: *** [cmTC_01b27/fast] Error 2


